<?xml version="1.0" encoding="UTF-8"?>
<testng-results skipped="0" failed="0" ignored="0" total="1" passed="1">
  <reporter-output>
  </reporter-output>
  <suite name="BDD Test Suite" duration-ms="55263" started-at="2020-06-21T06:03:43Z" finished-at="2020-06-21T06:04:38Z">
    <groups>
      <group name="cucumber">
        <method signature="CucumberRunner.feature(cucumber.api.testng.CucumberFeatureWrapper)[pri:0, instance:com.cucumber.Runner.CucumberRunner@4566e5bd]" name="feature" class="com.cucumber.Runner.CucumberRunner"/>
      </group> <!-- cucumber -->
    </groups>
    <test name="FREE Test" duration-ms="55263" started-at="2020-06-21T06:03:43Z" finished-at="2020-06-21T06:04:38Z">
      <class name="com.cucumber.Runner.CucumberRunner">
        <test-method status="PASS" signature="setUpClass()[pri:0, instance:com.cucumber.Runner.CucumberRunner@4566e5bd]" name="setUpClass" is-config="true" duration-ms="444" started-at="2020-06-21T06:03:43Z" finished-at="2020-06-21T06:03:44Z">
          <reporter-output>
          </reporter-output>
        </test-method> <!-- setUpClass -->
        <test-method status="PASS" signature="feature(cucumber.api.testng.CucumberFeatureWrapper)[pri:0, instance:com.cucumber.Runner.CucumberRunner@4566e5bd]" name="feature" duration-ms="54280" started-at="2020-06-21T06:03:44Z" description="Runs Cucumber Feature" data-provider="features" finished-at="2020-06-21T06:04:38Z">
          <params>
            <param index="0">
              <value>
                <![CDATA[Login to TestYou]]>
              </value>
            </param>
          </params>
          <reporter-output>
          </reporter-output>
        </test-method> <!-- feature -->
        <test-method status="PASS" signature="tearDownClass()[pri:0, instance:com.cucumber.Runner.CucumberRunner@4566e5bd]" name="tearDownClass" is-config="true" duration-ms="209" started-at="2020-06-21T06:04:38Z" finished-at="2020-06-21T06:04:38Z">
          <reporter-output>
          </reporter-output>
        </test-method> <!-- tearDownClass -->
      </class> <!-- com.cucumber.Runner.CucumberRunner -->
    </test> <!-- FREE Test -->
  </suite> <!-- BDD Test Suite -->
</testng-results>
